<?xml version="1.0" encoding="UTF-8"?>
<!-- Generated by org.testng.reporters.JUnitReportReporter -->
<testsuite hostname="Hanshith" failures="0" tests="1" name="com.mystore.testcases.LoginPageTest" time="11.692" errors="0" timestamp="2024-08-12T00:33:21 IST" skipped="0">
  <testcase classname="com.mystore.testcases.LoginPageTest" name="loginTest" time="11.692"/>
</testsuite> <!-- com.mystore.testcases.LoginPageTest -->
